<?xml version="1.0" encoding="UTF-8"?>
<testsuite xmlns:xsi="http://www.w3.org/2001/XMLSchema-instance" xsi:noNamespaceSchemaLocation="https://maven.apache.org/surefire/maven-surefire-plugin/xsd/surefire-test-report-3.0.xsd" version="3.0" name="service.MatcherServiceTest" time="0.01" tests="7" errors="0" skipped="0" failures="0">
  <properties>
    <property name="java.specification.version" value="23"/>
    <property name="sun.jnu.encoding" value="UTF-8"/>
    <property name="java.class.path" value="/Users/abhradeepghosh/Downloads/prewave-alert-matcher/target/test-classes:/Users/abhradeepghosh/Downloads/prewave-alert-matcher/target/classes:/Users/abhradeepghosh/.m2/repository/org/apache/httpcomponents/client5/httpclient5/5.3.1/httpclient5-5.3.1.jar:/Users/abhradeepghosh/.m2/repository/org/apache/httpcomponents/core5/httpcore5/5.2.4/httpcore5-5.2.4.jar:/Users/abhradeepghosh/.m2/repository/org/apache/httpcomponents/core5/httpcore5-h2/5.2.4/httpcore5-h2-5.2.4.jar:/Users/abhradeepghosh/.m2/repository/org/slf4j/slf4j-api/1.7.36/slf4j-api-1.7.36.jar:/Users/abhradeepghosh/.m2/repository/org/json/json/20231013/json-20231013.jar:/Users/abhradeepghosh/.m2/repository/org/junit/jupiter/junit-jupiter/5.10.2/junit-jupiter-5.10.2.jar:/Users/abhradeepghosh/.m2/repository/org/junit/jupiter/junit-jupiter-api/5.10.2/junit-jupiter-api-5.10.2.jar:/Users/abhradeepghosh/.m2/repository/org/opentest4j/opentest4j/1.3.0/opentest4j-1.3.0.jar:/Users/abhradeepghosh/.m2/repository/org/junit/platform/junit-platform-commons/1.10.2/junit-platform-commons-1.10.2.jar:/Users/abhradeepghosh/.m2/repository/org/apiguardian/apiguardian-api/1.1.2/apiguardian-api-1.1.2.jar:/Users/abhradeepghosh/.m2/repository/org/junit/jupiter/junit-jupiter-params/5.10.2/junit-jupiter-params-5.10.2.jar:/Users/abhradeepghosh/.m2/repository/org/junit/jupiter/junit-jupiter-engine/5.10.2/junit-jupiter-engine-5.10.2.jar:/Users/abhradeepghosh/.m2/repository/org/junit/platform/junit-platform-engine/1.10.2/junit-platform-engine-1.10.2.jar:"/>
    <property name="java.vm.vendor" value="Homebrew"/>
    <property name="sun.arch.data.model" value="64"/>
    <property name="java.vendor.url" value="https://github.com/Homebrew/homebrew-core/issues"/>
    <property name="os.name" value="Mac OS X"/>
    <property name="java.vm.specification.version" value="23"/>
    <property name="sun.java.launcher" value="SUN_STANDARD"/>
    <property name="user.country" value="IN"/>
    <property name="sun.boot.library.path" value="/opt/homebrew/Cellar/openjdk/23.0.2/libexec/openjdk.jdk/Contents/Home/lib"/>
    <property name="sun.java.command" value="/Users/abhradeepghosh/Downloads/prewave-alert-matcher/target/surefire/surefirebooter-20250525183100201_3.jar /Users/abhradeepghosh/Downloads/prewave-alert-matcher/target/surefire 2025-05-25T18-31-00_150-jvmRun1 surefire-20250525183100201_1tmp surefire_0-20250525183100201_2tmp"/>
    <property name="http.nonProxyHosts" value="local|*.local|169.254/16|*.169.254/16"/>
    <property name="jdk.debug" value="release"/>
    <property name="surefire.test.class.path" value="/Users/abhradeepghosh/Downloads/prewave-alert-matcher/target/test-classes:/Users/abhradeepghosh/Downloads/prewave-alert-matcher/target/classes:/Users/abhradeepghosh/.m2/repository/org/apache/httpcomponents/client5/httpclient5/5.3.1/httpclient5-5.3.1.jar:/Users/abhradeepghosh/.m2/repository/org/apache/httpcomponents/core5/httpcore5/5.2.4/httpcore5-5.2.4.jar:/Users/abhradeepghosh/.m2/repository/org/apache/httpcomponents/core5/httpcore5-h2/5.2.4/httpcore5-h2-5.2.4.jar:/Users/abhradeepghosh/.m2/repository/org/slf4j/slf4j-api/1.7.36/slf4j-api-1.7.36.jar:/Users/abhradeepghosh/.m2/repository/org/json/json/20231013/json-20231013.jar:/Users/abhradeepghosh/.m2/repository/org/junit/jupiter/junit-jupiter/5.10.2/junit-jupiter-5.10.2.jar:/Users/abhradeepghosh/.m2/repository/org/junit/jupiter/junit-jupiter-api/5.10.2/junit-jupiter-api-5.10.2.jar:/Users/abhradeepghosh/.m2/repository/org/opentest4j/opentest4j/1.3.0/opentest4j-1.3.0.jar:/Users/abhradeepghosh/.m2/repository/org/junit/platform/junit-platform-commons/1.10.2/junit-platform-commons-1.10.2.jar:/Users/abhradeepghosh/.m2/repository/org/apiguardian/apiguardian-api/1.1.2/apiguardian-api-1.1.2.jar:/Users/abhradeepghosh/.m2/repository/org/junit/jupiter/junit-jupiter-params/5.10.2/junit-jupiter-params-5.10.2.jar:/Users/abhradeepghosh/.m2/repository/org/junit/jupiter/junit-jupiter-engine/5.10.2/junit-jupiter-engine-5.10.2.jar:/Users/abhradeepghosh/.m2/repository/org/junit/platform/junit-platform-engine/1.10.2/junit-platform-engine-1.10.2.jar:"/>
    <property name="sun.cpu.endian" value="little"/>
    <property name="user.home" value="/Users/abhradeepghosh"/>
    <property name="user.language" value="en"/>
    <property name="java.specification.vendor" value="Oracle Corporation"/>
    <property name="java.version.date" value="2025-01-21"/>
    <property name="java.home" value="/opt/homebrew/Cellar/openjdk/23.0.2/libexec/openjdk.jdk/Contents/Home"/>
    <property name="file.separator" value="/"/>
    <property name="basedir" value="/Users/abhradeepghosh/Downloads/prewave-alert-matcher"/>
    <property name="java.vm.compressedOopsMode" value="Zero based"/>
    <property name="line.separator" value="&#10;"/>
    <property name="java.vm.specification.vendor" value="Oracle Corporation"/>
    <property name="java.specification.name" value="Java Platform API Specification"/>
    <property name="apple.awt.application.name" value="ForkedBooter"/>
    <property name="surefire.real.class.path" value="/Users/abhradeepghosh/Downloads/prewave-alert-matcher/target/surefire/surefirebooter-20250525183100201_3.jar"/>
    <property name="sun.management.compiler" value="HotSpot 64-Bit Tiered Compilers"/>
    <property name="ftp.nonProxyHosts" value="local|*.local|169.254/16|*.169.254/16"/>
    <property name="java.runtime.version" value="23.0.2"/>
    <property name="user.name" value="abhradeepghosh"/>
    <property name="stdout.encoding" value="UTF-8"/>
    <property name="path.separator" value=":"/>
    <property name="os.version" value="15.4.1"/>
    <property name="java.runtime.name" value="OpenJDK Runtime Environment"/>
    <property name="file.encoding" value="UTF-8"/>
    <property name="java.vm.name" value="OpenJDK 64-Bit Server VM"/>
    <property name="java.vendor.version" value="Homebrew"/>
    <property name="localRepository" value="/Users/abhradeepghosh/.m2/repository"/>
    <property name="java.vendor.url.bug" value="https://github.com/Homebrew/homebrew-core/issues"/>
    <property name="java.io.tmpdir" value="/var/folders/q_/5m8szpx56c7dsjwh16rvxnrc0000gn/T/"/>
    <property name="java.version" value="23.0.2"/>
    <property name="user.dir" value="/Users/abhradeepghosh/Downloads/prewave-alert-matcher"/>
    <property name="os.arch" value="aarch64"/>
    <property name="java.vm.specification.name" value="Java Virtual Machine Specification"/>
    <property name="native.encoding" value="UTF-8"/>
    <property name="java.library.path" value="/Users/abhradeepghosh/Library/Java/Extensions:/Library/Java/Extensions:/Network/Library/Java/Extensions:/System/Library/Java/Extensions:/usr/lib/java:."/>
    <property name="java.vm.info" value="mixed mode, sharing"/>
    <property name="stderr.encoding" value="UTF-8"/>
    <property name="java.vendor" value="Homebrew"/>
    <property name="java.vm.version" value="23.0.2"/>
    <property name="sun.io.unicode.encoding" value="UnicodeBig"/>
    <property name="socksNonProxyHosts" value="local|*.local|169.254/16|*.169.254/16"/>
    <property name="java.class.version" value="67.0"/>
  </properties>
  <testcase name="testEmptyInputShouldReturnNoMatch" classname="service.MatcherServiceTest" time="0.003">
    <system-out><![CDATA[
ðŸ§ª [Empty Alerts List Test]
â†’ Alert Text     : [EMPTY]
â†’ Query Term     : explosion
â†’ Expected Match : 0
â†’ Actual Match   : 0
â†’ Matches        : []


ðŸ§ª [Empty Terms List Test]
â†’ Alert Text     : factory explosion in city
â†’ Query Term     : [EMPTY]
â†’ Expected Match : 0
â†’ Actual Match   : 0
â†’ Matches        : []

]]></system-out>
  </testcase>
  <testcase name="testCaseInsensitiveMatching" classname="service.MatcherServiceTest" time="0.0">
    <system-out><![CDATA[
ðŸ§ª [Case Insensitivity Test]
â†’ Alert Text     : FACTORY EXPLOSION reported downtown
â†’ Query Term     : factory explosion
â†’ Expected Match : 1
â†’ Actual Match   : 1
â†’ Matches        : [{"alert_id":"alert7", "term_id":107}]

]]></system-out>
  </testcase>
  <testcase name="testNoMatchDueToLanguageMismatch" classname="service.MatcherServiceTest" time="0.001">
    <system-out><![CDATA[
ðŸ§ª [Language Mismatch Test]
â†’ Alert Text     : strike at the plant
â†’ Query Term     : strike
â†’ Expected Match : 0
â†’ Actual Match   : 0
â†’ Matches        : []

]]></system-out>
  </testcase>
  <testcase name="testMultipleOccurrencesShouldStillMatchOnce" classname="service.MatcherServiceTest" time="0.001">
    <system-out><![CDATA[
ðŸ§ª [Multiple Occurrences Match Test]
â†’ Alert Text     : explosion explosion explosion at the factory
â†’ Query Term     : factory explosion
â†’ Expected Match : 1
â†’ Actual Match   : 1
â†’ Matches        : [{"alert_id":"alert6", "term_id":106}]

]]></system-out>
  </testcase>
  <testcase name="testFindMatchesWithUnorderedMatch" classname="service.MatcherServiceTest" time="0.001">
    <system-out><![CDATA[
ðŸ§ª [Unordered Match Test]
â†’ Alert Text     : explosion at a local factory
â†’ Query Term     : factory explosion
â†’ Expected Match : 1
â†’ Actual Match   : 1
â†’ Matches        : [{"alert_id":"alert2", "term_id":102}]

]]></system-out>
  </testcase>
  <testcase name="testFindMatchesWithOrderedMatch" classname="service.MatcherServiceTest" time="0.0">
    <system-out><![CDATA[
ðŸ§ª [Ordered Match Test]
â†’ Alert Text     : factory explosion in Berlin
â†’ Query Term     : factory explosion
â†’ Expected Match : 1
â†’ Actual Match   : 1
â†’ Matches        : [{"alert_id":"alert1", "term_id":101}]

]]></system-out>
  </testcase>
  <testcase name="testUnorderedPartialOverlapShouldNotMatch" classname="service.MatcherServiceTest" time="0.0">
    <system-out><![CDATA[
ðŸ§ª [Unordered Partial Overlap Test]
â†’ Alert Text     : explosion near the site
â†’ Query Term     : factory explosion
â†’ Expected Match : 0
â†’ Actual Match   : 0
â†’ Matches        : []

]]></system-out>
  </testcase>
</testsuite>